-------------------------------------------------------------------------------
Test set: com.booking.ServerApplicationTests
-------------------------------------------------------------------------------
Tests run: 1, Failures: 0, Errors: 1, Skipped: 0, Time elapsed: 0.173 s <<< FAILURE! - in com.booking.ServerApplicationTests
com.booking.ServerApplicationTests  Time elapsed: 0.173 s  <<< ERROR!
java.lang.IllegalStateException: Unable to find a @SpringBootConfiguration, you need to use @ContextConfiguration or @SpringBootTest(classes=...) with your test

